<?xml version="1.0" encoding="UTF-8"?>
<testsuite name="prueba" tests="1" skipped="0" failures="0" errors="0" timestamp="2022-01-13T03:24:53" hostname="22LAP5CD1195R94" time="0.581">
  <properties/>
  <testcase name="probando" classname="prueba" time="0.581"/>
  <system-out><![CDATA[[[Titulo 1, Titulo 2, Titulo 3, Titulo 4, Titulo 5], [cosa 1, otra cosa 1, oso 1, 10101010, http://google.co], [cosa 2, otra cosa 2, oso 2, 10101011, http://google.co1], [cosa 3, otra cosa 3, oso 3, 10101012, http://google.co2], [cosa 4, otra cosa 4, oso 4, 10101013, http://google.co3], [cosa 5, otra cosa 5, oso 5, 10101014, http://google.co4], [cosa 6, otra cosa 6, oso 6, 10101015, http://google.co5], [cosa 7, otra cosa 7, oso 7, 10101016, http://google.co6], [cosa 8, otra cosa 8, oso 8, 10101017, http://google.co7], [cosa 9, otra cosa 9, oso 9, 10101018, http://google.co8], [cosa 10, otra cosa 10, oso 10, 10101019, http://google.co9]]
Enero  |  Febrero  |  Marzo  |  Abril  |  Mayo  |  Junio  |  
1  |  5  |  uno  |  1001  |  perro  |  el  |  
2  |  6  |  dos  |  1002  |  gato  |  mejor  |  
3  |  7  |  tres  |  1003  |  caballo  |  es  |  
4  |  8  |  cuatro  |  1004  |  pony  |  DARIO  |  
22:24:53.899 [Test worker] INFO net.thucydides.core.steps.ConsoleLoggingListener - ?[92m
        __    _____ _____ ____ _____   ____   _    ____  ____  _____ ____  
  _     \ \  |_   _| ____/ ___|_   _| |  _ \ / \  / ___|/ ___|| ____|  _ \ 
 (_)_____| |   | | |  _| \___ \ | |   | |_) / _ \ \___ \\___ \|  _| | | | |
  _|_____| |   | | | |___ ___) || |   |  __/ ___ \ ___) |___) | |___| |_| |
 (_)     | |   |_| |_____|____/ |_|   |_| /_/   \_\____/|____/|_____|____/ 
        /_/                                                                

TEST PASSED: Probando
----------------------------------------------------------------------------?[0m
]]></system-out>
  <system-err><![CDATA[]]></system-err>
</testsuite>
